<?xml version="1.0" encoding="UTF-8"?>
<!-- Generated by org.testng.reporters.JUnitReportReporter -->
<testsuite hostname="AGI-LT-1935" failures="0" tests="1" name="GoogleTest.TS001" time="11.507" errors="0" timestamp="2021-10-25T12:15:35 IST" skipped="0">
  <testcase classname="GoogleTest.TS001" name="STEP01" time="11.507"/>
  <system-out/>
</testsuite> <!-- GoogleTest.TS001 -->
