<?xml version="1.0" encoding="UTF-8"?>
<!-- Generated by org.testng.reporters.JUnitReportReporter -->
<testsuite hostname="AGI-LT-1935" failures="0" tests="1" name="GoogleTest.Base" time="1.881" errors="0" timestamp="2021-10-25T11:48:31 IST" skipped="0">
  <testcase classname="GoogleTest.Base" name="BrowserCall" time="1.881"/>
  <system-out/>
</testsuite> <!-- GoogleTest.Base -->
