<?xml version="1.0" encoding="UTF-8"?>
<!-- Generated by org.testng.reporters.JUnitReportReporter -->
<testsuite hostname="AGI-LT-1935" failures="0" tests="1" name="GoogleTest.TS002" time="28.014" errors="0" timestamp="2021-10-26T10:54:58 IST" skipped="0">
  <testcase classname="GoogleTest.TS002" name="STEP02" time="28.014"/>
  <system-out/>
</testsuite> <!-- GoogleTest.TS002 -->
