<?xml version="1.0" encoding="UTF-8"?>
<!-- Generated by org.testng.reporters.JUnitReportReporter -->
<testsuite hostname="AGI-LT-1935" failures="0" tests="1" name="GoogleTest.TS003" time="12.953" errors="0" timestamp="2021-10-26T10:54:58 IST" skipped="0">
  <testcase classname="GoogleTest.TS003" name="STEP03" time="12.953"/>
  <system-out/>
</testsuite> <!-- GoogleTest.TS003 -->
